Arguments: 
  /usr/local/bin/node /usr/local/bin/yarn publish

PATH: 
  /usr/local/mysql/bin:/usr/local/bin:/usr/bin:/bin:/usr/sbin:/sbin:/usr/local/go/bin:/usr/local/MacGPG2/bin:/usr/local/go/bin:/Users/Marc/GoCode/bin:/usr/local/bin

Yarn version: 
  0.27.5

Node version: 
  6.3.1

Platform: 
  darwin x64

npm manifest: 
  {
    "name": "cmacc-lib-nl",
    "version": "2.0.0",
    "description": "library for Dutch formats",
    "main": "index.js",
    "author": "Marc Dangeard",
    "license": "MIT",
    "flat": "true",
    "dependencies": {
      "cmacc-lib-geo": "cmacclang/cmacc-lib-geo#v2.0.1",
      "cmacc-lib-id": "cmacclang/cmacc-lib-id#v2.0.0"
    }
  }

yarn manifest: 
  No manifest

Lockfile: 
  # THIS IS AN AUTOGENERATED FILE. DO NOT EDIT THIS FILE DIRECTLY.
  # yarn lockfile v1
  
  
  cmacc-lib-geo@cmacclang/cmacc-lib-geo#v1.1.0:
    version "1.1.0"
    resolved "https://codeload.github.com/cmacclang/cmacc-lib-geo/tar.gz/3b5d4a650ce92e1753e2799fcb41ad4df52dd0a7"
  
  cmacc-lib-id@cmacclang/cmacc-lib-id#v1.1.5:
    version "1.1.5"
    resolved "https://codeload.github.com/cmacclang/cmacc-lib-id/tar.gz/1aeebf3c10242566e408165e39617cb191e4f5c3"
    dependencies:
      cmacc-lib-geo cmacclang/cmacc-lib-geo#v1.1.0
      cmacc-lib-lang cmacclang/cmacc-lib-lang#v1.1.2
  
  cmacc-lib-lang@cmacclang/cmacc-lib-lang#v1.1.2:
    version "1.1.2"
    resolved "https://codeload.github.com/cmacclang/cmacc-lib-lang/tar.gz/1de830a3e6ff5941dcb156b3ca3d180fdf355124"

Trace: 
  Error: https://registry.yarnpkg.com/cmacc-lib-nl: You must be logged in to publish packages
      at Request.params.callback [as _callback] (/usr/local/lib/node_modules/yarn/lib/util/request-manager.js:326:18)
      at Request.self.callback (/usr/local/lib/node_modules/yarn/node_modules/request/request.js:188:22)
      at emitTwo (events.js:106:13)
      at Request.emit (events.js:191:7)
      at Request.<anonymous> (/usr/local/lib/node_modules/yarn/node_modules/request/request.js:1171:10)
      at emitOne (events.js:96:13)
      at Request.emit (events.js:188:7)
      at IncomingMessage.<anonymous> (/usr/local/lib/node_modules/yarn/node_modules/request/request.js:1091:12)
      at IncomingMessage.g (events.js:286:16)
      at emitNone (events.js:91:20)
